<?xml version="1.0" encoding="UTF-8"?>
<!-- Generated by org.testng.reporters.JUnitReportReporter -->
<testsuite hostname="LAPTOP-BJ4NVH6A" failures="0" tests="1" name="ro.farmec.tests.SearchProductTest" time="4.093" errors="0" timestamp="2023-02-27T20:24:38 EET" skipped="0">
  <testcase classname="ro.farmec.tests.SearchProductTest" name="searchProduct" time="4.093"/>
  <system-out/>
</testsuite> <!-- ro.farmec.tests.SearchProductTest -->
