<?xml version="1.0" encoding="UTF-8"?>
<!-- Generated by org.testng.reporters.JUnitReportReporter -->
<testsuite hostname="LAPTOP-BJ4NVH6A" failures="0" tests="1" name="ro.farmec.tests.SeeProductTest" time="7.336" errors="0" timestamp="2023-02-27T21:26:09 EET" skipped="0">
  <testcase classname="ro.farmec.tests.SeeProductTest" name="checkSee" time="7.336"/>
  <system-out/>
</testsuite> <!-- ro.farmec.tests.SeeProductTest -->
