<?xml version="1.0" encoding="UTF-8"?>
<!-- Generated by org.testng.reporters.JUnitReportReporter -->
<testsuite hostname="LAPTOP-BJ4NVH6A" failures="0" tests="1" name="ro.farmec.tests.FiltersTest" time="7.242" errors="0" timestamp="2023-02-27T21:26:09 EET" skipped="0">
  <testcase classname="ro.farmec.tests.FiltersTest" name="checkFilters" time="7.242"/>
  <system-out/>
</testsuite> <!-- ro.farmec.tests.FiltersTest -->
